GROUP,PACKAGE,CLASS,INSTRUCTION_MISSED,INSTRUCTION_COVERED,BRANCH_MISSED,BRANCH_COVERED,LINE_MISSED,LINE_COVERED,COMPLEXITY_MISSED,COMPLEXITY_COVERED,METHOD_MISSED,METHOD_COVERED
GroceryListManager,edu.westga.comp4420.lab02.view.codebehind,GroceryItemInfoWindow,3,132,1,7,0,41,2,12,1,9
GroceryListManager,edu.westga.comp4420.lab02.view.codebehind,HomeWindow,20,195,0,4,9,58,0,15,0,13
GroceryListManager,edu.westga.comp4420.lab02.model,GroceryItemManager,0,28,0,2,0,8,0,5,0,4
GroceryListManager,edu.westga.comp4420.lab02.model,GroceryItem,0,30,0,0,0,11,0,6,0,6
GroceryListManager,edu.westga.comp4420.lab02,Main,27,0,0,0,9,0,3,0,3,0
